<?xml version="1.0" encoding="UTF-8"?>
<testsuite xmlns:xsi="http://www.w3.org/2001/XMLSchema-instance" xsi:noNamespaceSchemaLocation="https://maven.apache.org/surefire/maven-surefire-plugin/xsd/surefire-test-report.xsd" name="SpringBootApplicationTests" time="0.347" tests="1" errors="1" skipped="0" failures="0">
  <properties>
    <property name="sun.desktop" value="windows"/>
    <property name="awt.toolkit" value="sun.awt.windows.WToolkit"/>
    <property name="file.encoding.pkg" value="sun.io"/>
    <property name="java.specification.version" value="1.8"/>
    <property name="sun.cpu.isalist" value="amd64"/>
    <property name="sun.jnu.encoding" value="GBK"/>
    <property name="java.class.path" value="F:\spring-boot-examples\spring-boot-common\target\test-classes;F:\spring-boot-examples\spring-boot-common\target\classes;F:\MavenLocalRepository\org\apache\commons\commons-lang3\3.8\commons-lang3-3.8.jar;F:\MavenLocalRepository\com\fasterxml\jackson\module\jackson-module-parameter-names\2.9.6\jackson-module-parameter-names-2.9.6.jar;F:\MavenLocalRepository\com\fasterxml\jackson\core\jackson-core\2.9.6\jackson-core-2.9.6.jar;F:\MavenLocalRepository\com\fasterxml\jackson\core\jackson-databind\2.9.6\jackson-databind-2.9.6.jar;F:\MavenLocalRepository\com\fasterxml\jackson\datatype\jackson-datatype-jdk8\2.9.6\jackson-datatype-jdk8-2.9.6.jar;F:\MavenLocalRepository\com\fasterxml\jackson\datatype\jackson-datatype-jsr310\2.9.6\jackson-datatype-jsr310-2.9.6.jar;F:\MavenLocalRepository\com\fasterxml\jackson\core\jackson-annotations\2.9.0\jackson-annotations-2.9.0.jar;F:\MavenLocalRepository\com\fasterxml\jackson\datatype\jackson-datatype-guava\2.9.6\jackson-datatype-guava-2.9.6.jar;F:\MavenLocalRepository\com\google\guava\guava\18.0\guava-18.0.jar;F:\MavenLocalRepository\com\fasterxml\jackson\dataformat\jackson-dataformat-yaml\2.9.6\jackson-dataformat-yaml-2.9.6.jar;F:\MavenLocalRepository\org\yaml\snakeyaml\1.23\snakeyaml-1.23.jar;F:\MavenLocalRepository\com\fasterxml\jackson\dataformat\jackson-dataformat-csv\2.9.6\jackson-dataformat-csv-2.9.6.jar;F:\MavenLocalRepository\com\fasterxml\jackson\dataformat\jackson-dataformat-xml\2.9.6\jackson-dataformat-xml-2.9.6.jar;F:\MavenLocalRepository\com\fasterxml\jackson\module\jackson-module-jaxb-annotations\2.9.6\jackson-module-jaxb-annotations-2.9.6.jar;F:\MavenLocalRepository\org\codehaus\woodstox\stax2-api\3.1.4\stax2-api-3.1.4.jar;F:\MavenLocalRepository\com\fasterxml\woodstox\woodstox-core\5.0.3\woodstox-core-5.0.3.jar;F:\MavenLocalRepository\com\fasterxml\jackson\dataformat\jackson-dataformat-properties\2.9.6\jackson-dataformat-properties-2.9.6.jar;F:\MavenLocalRepository\com\alibaba\fastjson\1.2.57\fastjson-1.2.57.jar;F:\MavenLocalRepository\net\sf\trove4j\core\3.1.0\core-3.1.0.jar;F:\MavenLocalRepository\com\google\code\gson\gson\2.8.5\gson-2.8.5.jar;F:\MavenLocalRepository\org\projectlombok\lombok\1.18.8\lombok-1.18.8.jar;F:\MavenLocalRepository\org\springframework\boot\spring-boot-starter-web\2.1.6.RELEASE\spring-boot-starter-web-2.1.6.RELEASE.jar;F:\MavenLocalRepository\org\springframework\boot\spring-boot-starter-json\2.1.6.RELEASE\spring-boot-starter-json-2.1.6.RELEASE.jar;F:\MavenLocalRepository\org\springframework\boot\spring-boot-starter-tomcat\2.1.6.RELEASE\spring-boot-starter-tomcat-2.1.6.RELEASE.jar;F:\MavenLocalRepository\org\apache\tomcat\embed\tomcat-embed-core\9.0.21\tomcat-embed-core-9.0.21.jar;F:\MavenLocalRepository\org\apache\tomcat\embed\tomcat-embed-el\9.0.21\tomcat-embed-el-9.0.21.jar;F:\MavenLocalRepository\org\apache\tomcat\embed\tomcat-embed-websocket\9.0.21\tomcat-embed-websocket-9.0.21.jar;F:\MavenLocalRepository\org\hibernate\validator\hibernate-validator\6.0.17.Final\hibernate-validator-6.0.17.Final.jar;F:\MavenLocalRepository\javax\validation\validation-api\2.0.1.Final\validation-api-2.0.1.Final.jar;F:\MavenLocalRepository\org\jboss\logging\jboss-logging\3.3.2.Final\jboss-logging-3.3.2.Final.jar;F:\MavenLocalRepository\com\fasterxml\classmate\1.4.0\classmate-1.4.0.jar;F:\MavenLocalRepository\org\springframework\spring-web\5.1.8.RELEASE\spring-web-5.1.8.RELEASE.jar;F:\MavenLocalRepository\org\springframework\spring-beans\5.1.8.RELEASE\spring-beans-5.1.8.RELEASE.jar;F:\MavenLocalRepository\org\springframework\spring-webmvc\5.1.8.RELEASE\spring-webmvc-5.1.8.RELEASE.jar;F:\MavenLocalRepository\org\springframework\spring-aop\5.1.8.RELEASE\spring-aop-5.1.8.RELEASE.jar;F:\MavenLocalRepository\org\springframework\spring-context\5.1.8.RELEASE\spring-context-5.1.8.RELEASE.jar;F:\MavenLocalRepository\org\springframework\spring-expression\5.1.8.RELEASE\spring-expression-5.1.8.RELEASE.jar;F:\MavenLocalRepository\org\springframework\boot\spring-boot-starter\2.1.6.RELEASE\spring-boot-starter-2.1.6.RELEASE.jar;F:\MavenLocalRepository\org\springframework\boot\spring-boot\2.1.6.RELEASE\spring-boot-2.1.6.RELEASE.jar;F:\MavenLocalRepository\org\springframework\boot\spring-boot-autoconfigure\2.1.6.RELEASE\spring-boot-autoconfigure-2.1.6.RELEASE.jar;F:\MavenLocalRepository\org\springframework\boot\spring-boot-starter-logging\2.1.6.RELEASE\spring-boot-starter-logging-2.1.6.RELEASE.jar;F:\MavenLocalRepository\ch\qos\logback\logback-classic\1.2.3\logback-classic-1.2.3.jar;F:\MavenLocalRepository\ch\qos\logback\logback-core\1.2.3\logback-core-1.2.3.jar;F:\MavenLocalRepository\org\apache\logging\log4j\log4j-to-slf4j\2.11.2\log4j-to-slf4j-2.11.2.jar;F:\MavenLocalRepository\org\apache\logging\log4j\log4j-api\2.11.2\log4j-api-2.11.2.jar;F:\MavenLocalRepository\org\slf4j\jul-to-slf4j\1.7.26\jul-to-slf4j-1.7.26.jar;F:\MavenLocalRepository\javax\annotation\javax.annotation-api\1.3.2\javax.annotation-api-1.3.2.jar;F:\MavenLocalRepository\org\springframework\spring-core\5.1.8.RELEASE\spring-core-5.1.8.RELEASE.jar;F:\MavenLocalRepository\org\springframework\spring-jcl\5.1.8.RELEASE\spring-jcl-5.1.8.RELEASE.jar;F:\MavenLocalRepository\org\springframework\boot\spring-boot-starter-test\2.1.6.RELEASE\spring-boot-starter-test-2.1.6.RELEASE.jar;F:\MavenLocalRepository\org\springframework\boot\spring-boot-test\2.1.6.RELEASE\spring-boot-test-2.1.6.RELEASE.jar;F:\MavenLocalRepository\org\springframework\boot\spring-boot-test-autoconfigure\2.1.6.RELEASE\spring-boot-test-autoconfigure-2.1.6.RELEASE.jar;F:\MavenLocalRepository\com\jayway\jsonpath\json-path\2.4.0\json-path-2.4.0.jar;F:\MavenLocalRepository\net\minidev\json-smart\2.3\json-smart-2.3.jar;F:\MavenLocalRepository\net\minidev\accessors-smart\1.2\accessors-smart-1.2.jar;F:\MavenLocalRepository\org\ow2\asm\asm\5.0.4\asm-5.0.4.jar;F:\MavenLocalRepository\org\slf4j\slf4j-api\1.7.26\slf4j-api-1.7.26.jar;F:\MavenLocalRepository\junit\junit\4.12\junit-4.12.jar;F:\MavenLocalRepository\org\assertj\assertj-core\3.11.1\assertj-core-3.11.1.jar;F:\MavenLocalRepository\org\mockito\mockito-core\2.23.4\mockito-core-2.23.4.jar;F:\MavenLocalRepository\net\bytebuddy\byte-buddy\1.9.13\byte-buddy-1.9.13.jar;F:\MavenLocalRepository\net\bytebuddy\byte-buddy-agent\1.9.13\byte-buddy-agent-1.9.13.jar;F:\MavenLocalRepository\org\objenesis\objenesis\2.6\objenesis-2.6.jar;F:\MavenLocalRepository\org\hamcrest\hamcrest-core\1.3\hamcrest-core-1.3.jar;F:\MavenLocalRepository\org\hamcrest\hamcrest-library\1.3\hamcrest-library-1.3.jar;F:\MavenLocalRepository\org\skyscreamer\jsonassert\1.5.0\jsonassert-1.5.0.jar;F:\MavenLocalRepository\com\vaadin\external\google\android-json\0.0.20131108.vaadin1\android-json-0.0.20131108.vaadin1.jar;F:\MavenLocalRepository\org\springframework\spring-test\5.1.8.RELEASE\spring-test-5.1.8.RELEASE.jar;F:\MavenLocalRepository\org\xmlunit\xmlunit-core\2.6.2\xmlunit-core-2.6.2.jar;"/>
    <property name="java.vm.vendor" value="Oracle Corporation"/>
    <property name="sun.arch.data.model" value="64"/>
    <property name="user.variant" value=""/>
    <property name="java.vendor.url" value="http://java.oracle.com/"/>
    <property name="user.timezone" value="Asia/Shanghai"/>
    <property name="java.vm.specification.version" value="1.8"/>
    <property name="os.name" value="Windows 7"/>
    <property name="user.country" value="CN"/>
    <property name="sun.java.launcher" value="SUN_STANDARD"/>
    <property name="sun.boot.library.path" value="E:\download\jdk\jre\bin"/>
    <property name="sun.java.command" value="C:\Users\ADMINI~1\AppData\Local\Temp\surefire8771071559773011047\surefirebooter2358488812885201636.jar C:\Users\Administrator\AppData\Local\Temp\surefire8771071559773011047 2019-07-12T16-30-24_325-jvmRun1 surefire9212124323314758665tmp surefire_03303880876834152071tmp"/>
    <property name="surefire.test.class.path" value="F:\spring-boot-examples\spring-boot-common\target\test-classes;F:\spring-boot-examples\spring-boot-common\target\classes;F:\MavenLocalRepository\org\apache\commons\commons-lang3\3.8\commons-lang3-3.8.jar;F:\MavenLocalRepository\com\fasterxml\jackson\module\jackson-module-parameter-names\2.9.6\jackson-module-parameter-names-2.9.6.jar;F:\MavenLocalRepository\com\fasterxml\jackson\core\jackson-core\2.9.6\jackson-core-2.9.6.jar;F:\MavenLocalRepository\com\fasterxml\jackson\core\jackson-databind\2.9.6\jackson-databind-2.9.6.jar;F:\MavenLocalRepository\com\fasterxml\jackson\datatype\jackson-datatype-jdk8\2.9.6\jackson-datatype-jdk8-2.9.6.jar;F:\MavenLocalRepository\com\fasterxml\jackson\datatype\jackson-datatype-jsr310\2.9.6\jackson-datatype-jsr310-2.9.6.jar;F:\MavenLocalRepository\com\fasterxml\jackson\core\jackson-annotations\2.9.0\jackson-annotations-2.9.0.jar;F:\MavenLocalRepository\com\fasterxml\jackson\datatype\jackson-datatype-guava\2.9.6\jackson-datatype-guava-2.9.6.jar;F:\MavenLocalRepository\com\google\guava\guava\18.0\guava-18.0.jar;F:\MavenLocalRepository\com\fasterxml\jackson\dataformat\jackson-dataformat-yaml\2.9.6\jackson-dataformat-yaml-2.9.6.jar;F:\MavenLocalRepository\org\yaml\snakeyaml\1.23\snakeyaml-1.23.jar;F:\MavenLocalRepository\com\fasterxml\jackson\dataformat\jackson-dataformat-csv\2.9.6\jackson-dataformat-csv-2.9.6.jar;F:\MavenLocalRepository\com\fasterxml\jackson\dataformat\jackson-dataformat-xml\2.9.6\jackson-dataformat-xml-2.9.6.jar;F:\MavenLocalRepository\com\fasterxml\jackson\module\jackson-module-jaxb-annotations\2.9.6\jackson-module-jaxb-annotations-2.9.6.jar;F:\MavenLocalRepository\org\codehaus\woodstox\stax2-api\3.1.4\stax2-api-3.1.4.jar;F:\MavenLocalRepository\com\fasterxml\woodstox\woodstox-core\5.0.3\woodstox-core-5.0.3.jar;F:\MavenLocalRepository\com\fasterxml\jackson\dataformat\jackson-dataformat-properties\2.9.6\jackson-dataformat-properties-2.9.6.jar;F:\MavenLocalRepository\com\alibaba\fastjson\1.2.57\fastjson-1.2.57.jar;F:\MavenLocalRepository\net\sf\trove4j\core\3.1.0\core-3.1.0.jar;F:\MavenLocalRepository\com\google\code\gson\gson\2.8.5\gson-2.8.5.jar;F:\MavenLocalRepository\org\projectlombok\lombok\1.18.8\lombok-1.18.8.jar;F:\MavenLocalRepository\org\springframework\boot\spring-boot-starter-web\2.1.6.RELEASE\spring-boot-starter-web-2.1.6.RELEASE.jar;F:\MavenLocalRepository\org\springframework\boot\spring-boot-starter-json\2.1.6.RELEASE\spring-boot-starter-json-2.1.6.RELEASE.jar;F:\MavenLocalRepository\org\springframework\boot\spring-boot-starter-tomcat\2.1.6.RELEASE\spring-boot-starter-tomcat-2.1.6.RELEASE.jar;F:\MavenLocalRepository\org\apache\tomcat\embed\tomcat-embed-core\9.0.21\tomcat-embed-core-9.0.21.jar;F:\MavenLocalRepository\org\apache\tomcat\embed\tomcat-embed-el\9.0.21\tomcat-embed-el-9.0.21.jar;F:\MavenLocalRepository\org\apache\tomcat\embed\tomcat-embed-websocket\9.0.21\tomcat-embed-websocket-9.0.21.jar;F:\MavenLocalRepository\org\hibernate\validator\hibernate-validator\6.0.17.Final\hibernate-validator-6.0.17.Final.jar;F:\MavenLocalRepository\javax\validation\validation-api\2.0.1.Final\validation-api-2.0.1.Final.jar;F:\MavenLocalRepository\org\jboss\logging\jboss-logging\3.3.2.Final\jboss-logging-3.3.2.Final.jar;F:\MavenLocalRepository\com\fasterxml\classmate\1.4.0\classmate-1.4.0.jar;F:\MavenLocalRepository\org\springframework\spring-web\5.1.8.RELEASE\spring-web-5.1.8.RELEASE.jar;F:\MavenLocalRepository\org\springframework\spring-beans\5.1.8.RELEASE\spring-beans-5.1.8.RELEASE.jar;F:\MavenLocalRepository\org\springframework\spring-webmvc\5.1.8.RELEASE\spring-webmvc-5.1.8.RELEASE.jar;F:\MavenLocalRepository\org\springframework\spring-aop\5.1.8.RELEASE\spring-aop-5.1.8.RELEASE.jar;F:\MavenLocalRepository\org\springframework\spring-context\5.1.8.RELEASE\spring-context-5.1.8.RELEASE.jar;F:\MavenLocalRepository\org\springframework\spring-expression\5.1.8.RELEASE\spring-expression-5.1.8.RELEASE.jar;F:\MavenLocalRepository\org\springframework\boot\spring-boot-starter\2.1.6.RELEASE\spring-boot-starter-2.1.6.RELEASE.jar;F:\MavenLocalRepository\org\springframework\boot\spring-boot\2.1.6.RELEASE\spring-boot-2.1.6.RELEASE.jar;F:\MavenLocalRepository\org\springframework\boot\spring-boot-autoconfigure\2.1.6.RELEASE\spring-boot-autoconfigure-2.1.6.RELEASE.jar;F:\MavenLocalRepository\org\springframework\boot\spring-boot-starter-logging\2.1.6.RELEASE\spring-boot-starter-logging-2.1.6.RELEASE.jar;F:\MavenLocalRepository\ch\qos\logback\logback-classic\1.2.3\logback-classic-1.2.3.jar;F:\MavenLocalRepository\ch\qos\logback\logback-core\1.2.3\logback-core-1.2.3.jar;F:\MavenLocalRepository\org\apache\logging\log4j\log4j-to-slf4j\2.11.2\log4j-to-slf4j-2.11.2.jar;F:\MavenLocalRepository\org\apache\logging\log4j\log4j-api\2.11.2\log4j-api-2.11.2.jar;F:\MavenLocalRepository\org\slf4j\jul-to-slf4j\1.7.26\jul-to-slf4j-1.7.26.jar;F:\MavenLocalRepository\javax\annotation\javax.annotation-api\1.3.2\javax.annotation-api-1.3.2.jar;F:\MavenLocalRepository\org\springframework\spring-core\5.1.8.RELEASE\spring-core-5.1.8.RELEASE.jar;F:\MavenLocalRepository\org\springframework\spring-jcl\5.1.8.RELEASE\spring-jcl-5.1.8.RELEASE.jar;F:\MavenLocalRepository\org\springframework\boot\spring-boot-starter-test\2.1.6.RELEASE\spring-boot-starter-test-2.1.6.RELEASE.jar;F:\MavenLocalRepository\org\springframework\boot\spring-boot-test\2.1.6.RELEASE\spring-boot-test-2.1.6.RELEASE.jar;F:\MavenLocalRepository\org\springframework\boot\spring-boot-test-autoconfigure\2.1.6.RELEASE\spring-boot-test-autoconfigure-2.1.6.RELEASE.jar;F:\MavenLocalRepository\com\jayway\jsonpath\json-path\2.4.0\json-path-2.4.0.jar;F:\MavenLocalRepository\net\minidev\json-smart\2.3\json-smart-2.3.jar;F:\MavenLocalRepository\net\minidev\accessors-smart\1.2\accessors-smart-1.2.jar;F:\MavenLocalRepository\org\ow2\asm\asm\5.0.4\asm-5.0.4.jar;F:\MavenLocalRepository\org\slf4j\slf4j-api\1.7.26\slf4j-api-1.7.26.jar;F:\MavenLocalRepository\junit\junit\4.12\junit-4.12.jar;F:\MavenLocalRepository\org\assertj\assertj-core\3.11.1\assertj-core-3.11.1.jar;F:\MavenLocalRepository\org\mockito\mockito-core\2.23.4\mockito-core-2.23.4.jar;F:\MavenLocalRepository\net\bytebuddy\byte-buddy\1.9.13\byte-buddy-1.9.13.jar;F:\MavenLocalRepository\net\bytebuddy\byte-buddy-agent\1.9.13\byte-buddy-agent-1.9.13.jar;F:\MavenLocalRepository\org\objenesis\objenesis\2.6\objenesis-2.6.jar;F:\MavenLocalRepository\org\hamcrest\hamcrest-core\1.3\hamcrest-core-1.3.jar;F:\MavenLocalRepository\org\hamcrest\hamcrest-library\1.3\hamcrest-library-1.3.jar;F:\MavenLocalRepository\org\skyscreamer\jsonassert\1.5.0\jsonassert-1.5.0.jar;F:\MavenLocalRepository\com\vaadin\external\google\android-json\0.0.20131108.vaadin1\android-json-0.0.20131108.vaadin1.jar;F:\MavenLocalRepository\org\springframework\spring-test\5.1.8.RELEASE\spring-test-5.1.8.RELEASE.jar;F:\MavenLocalRepository\org\xmlunit\xmlunit-core\2.6.2\xmlunit-core-2.6.2.jar;"/>
    <property name="sun.cpu.endian" value="little"/>
    <property name="user.home" value="C:\Users\Administrator"/>
    <property name="user.language" value="zh"/>
    <property name="java.specification.vendor" value="Oracle Corporation"/>
    <property name="java.home" value="E:\download\jdk\jre"/>
    <property name="basedir" value="F:\spring-boot-examples\spring-boot-common"/>
    <property name="file.separator" value="\"/>
    <property name="line.separator" value="&#10;"/>
    <property name="java.vm.specification.vendor" value="Oracle Corporation"/>
    <property name="java.specification.name" value="Java Platform API Specification"/>
    <property name="java.awt.graphicsenv" value="sun.awt.Win32GraphicsEnvironment"/>
    <property name="surefire.real.class.path" value="C:\Users\ADMINI~1\AppData\Local\Temp\surefire8771071559773011047\surefirebooter2358488812885201636.jar"/>
    <property name="sun.boot.class.path" value="E:\download\jdk\jre\lib\resources.jar;E:\download\jdk\jre\lib\rt.jar;E:\download\jdk\jre\lib\sunrsasign.jar;E:\download\jdk\jre\lib\jsse.jar;E:\download\jdk\jre\lib\jce.jar;E:\download\jdk\jre\lib\charsets.jar;E:\download\jdk\jre\lib\jfr.jar;E:\download\jdk\jre\classes"/>
    <property name="user.script" value=""/>
    <property name="sun.management.compiler" value="HotSpot 64-Bit Tiered Compilers"/>
    <property name="java.runtime.version" value="1.8.0_201-b09"/>
    <property name="user.name" value="Administrator"/>
    <property name="path.separator" value=";"/>
    <property name="os.version" value="6.1"/>
    <property name="java.endorsed.dirs" value="E:\download\jdk\jre\lib\endorsed"/>
    <property name="java.runtime.name" value="Java(TM) SE Runtime Environment"/>
    <property name="file.encoding" value="GBK"/>
    <property name="java.vm.name" value="Java HotSpot(TM) 64-Bit Server VM"/>
    <property name="localRepository" value="F:\MavenLocalRepository"/>
    <property name="java.vendor.url.bug" value="http://bugreport.sun.com/bugreport/"/>
    <property name="java.io.tmpdir" value="C:\Users\ADMINI~1\AppData\Local\Temp\"/>
    <property name="java.version" value="1.8.0_201"/>
    <property name="user.dir" value="F:\spring-boot-examples\spring-boot-common"/>
    <property name="os.arch" value="amd64"/>
    <property name="java.vm.specification.name" value="Java Virtual Machine Specification"/>
    <property name="java.awt.printerjob" value="sun.awt.windows.WPrinterJob"/>
    <property name="sun.os.patch.level" value="Service Pack 1"/>
    <property name="java.library.path" value="E:\download\jdk\jre\bin;C:\Windows\Sun\Java\bin;C:\Windows\system32;C:\Windows;E:\xshell\xshell\Xlpd 6\;E:\xshell\xshell\Xmanager 6\;E:\xshell\;C:\Program Files\VanDyke Software\Clients\;.;E:\download\jdk\bin;E:\download\jdk\jre\bin;E:\download\maven\apache-maven-3.6.0\bin;E:\download\maven\apache-maven-3.6.0;E:\git\Git\cmd;c:\windows\system32;E:\git\New Folder\bin;."/>
    <property name="java.vm.info" value="mixed mode"/>
    <property name="java.vendor" value="Oracle Corporation"/>
    <property name="java.vm.version" value="25.201-b09"/>
    <property name="java.ext.dirs" value="E:\download\jdk\jre\lib\ext;C:\Windows\Sun\Java\lib\ext"/>
    <property name="sun.io.unicode.encoding" value="UnicodeLittle"/>
    <property name="java.class.version" value="52.0"/>
  </properties>
  <testcase name="initializationError" classname="SpringBootApplicationTests" time="0.005">
    <error message="Unable to find a @SpringBootConfiguration, you need to use @ContextConfiguration or @SpringBootTest(classes=...) with your test" type="java.lang.IllegalStateException">java.lang.IllegalStateException: Unable to find a @SpringBootConfiguration, you need to use @ContextConfiguration or @SpringBootTest(classes=...) with your test
</error>
    <system-out><![CDATA[16:30:25.468 [main] DEBUG org.springframework.test.context.junit4.SpringJUnit4ClassRunner - SpringJUnit4ClassRunner constructor called with [class SpringBootApplicationTests]
16:30:25.474 [main] DEBUG org.springframework.test.context.BootstrapUtils - Instantiating CacheAwareContextLoaderDelegate from class [org.springframework.test.context.cache.DefaultCacheAwareContextLoaderDelegate]
16:30:25.485 [main] DEBUG org.springframework.test.context.BootstrapUtils - Instantiating BootstrapContext using constructor [public org.springframework.test.context.support.DefaultBootstrapContext(java.lang.Class,org.springframework.test.context.CacheAwareContextLoaderDelegate)]
16:30:25.514 [main] DEBUG org.springframework.test.context.BootstrapUtils - Instantiating TestContextBootstrapper for test class [SpringBootApplicationTests] from class [org.springframework.boot.test.context.SpringBootTestContextBootstrapper]
16:30:25.529 [main] INFO org.springframework.boot.test.context.SpringBootTestContextBootstrapper - Neither @ContextConfiguration nor @ContextHierarchy found for test class [SpringBootApplicationTests], using SpringBootContextLoader
16:30:25.533 [main] DEBUG org.springframework.test.context.support.AbstractContextLoader - Did not detect default resource location for test class [SpringBootApplicationTests]: class path resource [SpringBootApplicationTests-context.xml] does not exist
16:30:25.533 [main] DEBUG org.springframework.test.context.support.AbstractContextLoader - Did not detect default resource location for test class [SpringBootApplicationTests]: class path resource [SpringBootApplicationTestsContext.groovy] does not exist
16:30:25.533 [main] INFO org.springframework.test.context.support.AbstractContextLoader - Could not detect default resource locations for test class [SpringBootApplicationTests]: no resource found for suffixes {-context.xml, Context.groovy}.
16:30:25.534 [main] INFO org.springframework.test.context.support.AnnotationConfigContextLoaderUtils - Could not detect default configuration classes for test class [SpringBootApplicationTests]: SpringBootApplicationTests does not declare any static, non-private, non-final, nested classes annotated with @Configuration.
16:30:25.595 [main] DEBUG org.springframework.test.context.support.ActiveProfilesUtils - Could not find an 'annotation declaring class' for annotation type [org.springframework.test.context.ActiveProfiles] and class [SpringBootApplicationTests]
]]></system-out>
  </testcase>
</testsuite>